[debug] [2024-12-06T06:27:04.256Z] ----------------------------------------------------------------------
[debug] [2024-12-06T06:27:04.259Z] Command:       /Users/luccamolon/.nvm/versions/node/v22.12.0/bin/node /Users/luccamolon/.config/yarn/global/node_modules/.bin/firebase init
[debug] [2024-12-06T06:27:04.259Z] CLI Version:   11.16.1
[debug] [2024-12-06T06:27:04.259Z] Platform:      darwin
[debug] [2024-12-06T06:27:04.259Z] Node Version:  v22.12.0
[debug] [2024-12-06T06:27:04.260Z] Time:          Fri Dec 06 2024 03:27:04 GMT-0300 (Horário Padrão de Brasília)
[debug] [2024-12-06T06:27:04.260Z] ----------------------------------------------------------------------
[debug] 
[debug] [2024-12-06T06:27:04.265Z] > command requires scopes: ["email","openid","https://www.googleapis.com/auth/cloudplatformprojects.readonly","https://www.googleapis.com/auth/firebase","https://www.googleapis.com/auth/cloud-platform"]
[debug] [2024-12-06T06:27:04.266Z] > authorizing via signed-in user (luccamolon@gmail.com)
[info] 
     ######## #### ########  ######## ########     ###     ######  ########
     ##        ##  ##     ## ##       ##     ##  ##   ##  ##       ##
     ######    ##  ########  ######   ########  #########  ######  ######
     ##        ##  ##    ##  ##       ##     ## ##     ##       ## ##
     ##       #### ##     ## ######## ########  ##     ##  ######  ########

You're about to initialize a Firebase project in this directory:

  /Users/luccamolon/Desktop/Chess

[info] 
=== Project Setup
[info] 
[info] First, let's associate this project directory with a Firebase project.
[info] You can create multiple project aliases by running firebase use --add, 
[info] but for now we'll just set up a default project.
[info] 
[info] i  If you want to create a project in a Google Cloud organization or folder, please use "firebase projects:create" instead, and return to this command when you've created the project. 
[debug] [2024-12-06T06:27:51.920Z] > refreshing access token with scopes: []
[debug] [2024-12-06T06:27:51.922Z] >>> [apiv2][query] POST https://www.googleapis.com/oauth2/v3/token [none]
[debug] [2024-12-06T06:27:51.923Z] >>> [apiv2][body] POST https://www.googleapis.com/oauth2/v3/token [omitted]
[debug] [2024-12-06T06:27:52.317Z] <<< [apiv2][status] POST https://www.googleapis.com/oauth2/v3/token 400
[debug] [2024-12-06T06:27:52.317Z] <<< [apiv2][body] POST https://www.googleapis.com/oauth2/v3/token [omitted]
[debug] [2024-12-06T06:27:52.318Z] >>> [apiv2][query] POST https://cloudresourcemanager.googleapis.com/v1/projects [none]
[debug] [2024-12-06T06:27:52.318Z] >>> [apiv2][body] POST https://cloudresourcemanager.googleapis.com/v1/projects {"projectId":"chess","name":"Chess_PencilSpaces"}
[debug] [2024-12-06T06:27:53.318Z] <<< [apiv2][status] POST https://cloudresourcemanager.googleapis.com/v1/projects 401
[debug] [2024-12-06T06:27:53.318Z] <<< [apiv2][body] POST https://cloudresourcemanager.googleapis.com/v1/projects {"error":{"code":401,"message":"Request had invalid authentication credentials. Expected OAuth 2 access token, login cookie or other valid authentication credential. See https://developers.google.com/identity/sign-in/web/devconsole-project.","status":"UNAUTHENTICATED","details":[{"@type":"type.googleapis.com/google.rpc.ErrorInfo","reason":"ACCESS_TOKEN_TYPE_UNSUPPORTED","metadata":{"method":"google.cloudresourcemanager.v1.Projects.CreateProject","service":"cloudresourcemanager.googleapis.com"}}]}}
[debug] [2024-12-06T06:27:53.508Z] FirebaseError: HTTP Error: 401, Request had invalid authentication credentials. Expected OAuth 2 access token, login cookie or other valid authentication credential. See https://developers.google.com/identity/sign-in/web/devconsole-project.
    at responseToError (/Users/luccamolon/.config/yarn/global/node_modules/firebase-tools/lib/responseToError.js:49:12)
    at RetryOperation._fn (/Users/luccamolon/.config/yarn/global/node_modules/firebase-tools/lib/apiv2.js:288:77)
    at process.processTicksAndRejections (node:internal/process/task_queues:105:5)
[error] 
[error] Error: Failed to create project. See firebase-debug.log for more info.
[debug] [2024-12-06T06:28:33.749Z] ----------------------------------------------------------------------
[debug] [2024-12-06T06:28:33.751Z] Command:       /Users/luccamolon/.nvm/versions/node/v22.12.0/bin/node /Users/luccamolon/.config/yarn/global/node_modules/.bin/firebase projects:create
[debug] [2024-12-06T06:28:33.751Z] CLI Version:   11.16.1
[debug] [2024-12-06T06:28:33.752Z] Platform:      darwin
[debug] [2024-12-06T06:28:33.752Z] Node Version:  v22.12.0
[debug] [2024-12-06T06:28:33.752Z] Time:          Fri Dec 06 2024 03:28:33 GMT-0300 (Horário Padrão de Brasília)
[debug] [2024-12-06T06:28:33.752Z] ----------------------------------------------------------------------
[debug] 
[debug] [2024-12-06T06:28:33.758Z] > command requires scopes: ["email","openid","https://www.googleapis.com/auth/cloudplatformprojects.readonly","https://www.googleapis.com/auth/firebase","https://www.googleapis.com/auth/cloud-platform"]
[debug] [2024-12-06T06:28:33.758Z] > authorizing via signed-in user (luccamolon@gmail.com)
[debug] [2024-12-06T06:28:41.609Z] > refreshing access token with scopes: []
[debug] [2024-12-06T06:28:41.611Z] >>> [apiv2][query] POST https://www.googleapis.com/oauth2/v3/token [none]
[debug] [2024-12-06T06:28:41.611Z] >>> [apiv2][body] POST https://www.googleapis.com/oauth2/v3/token [omitted]
[debug] [2024-12-06T06:28:41.870Z] <<< [apiv2][status] POST https://www.googleapis.com/oauth2/v3/token 400
[debug] [2024-12-06T06:28:41.870Z] <<< [apiv2][body] POST https://www.googleapis.com/oauth2/v3/token [omitted]
[debug] [2024-12-06T06:28:41.870Z] >>> [apiv2][query] POST https://cloudresourcemanager.googleapis.com/v1/projects [none]
[debug] [2024-12-06T06:28:41.871Z] >>> [apiv2][body] POST https://cloudresourcemanager.googleapis.com/v1/projects {"projectId":"chess","name":"chess_PencilSpaces"}
[debug] [2024-12-06T06:28:42.689Z] <<< [apiv2][status] POST https://cloudresourcemanager.googleapis.com/v1/projects 401
[debug] [2024-12-06T06:28:42.689Z] <<< [apiv2][body] POST https://cloudresourcemanager.googleapis.com/v1/projects {"error":{"code":401,"message":"Request had invalid authentication credentials. Expected OAuth 2 access token, login cookie or other valid authentication credential. See https://developers.google.com/identity/sign-in/web/devconsole-project.","status":"UNAUTHENTICATED","details":[{"@type":"type.googleapis.com/google.rpc.ErrorInfo","reason":"ACCESS_TOKEN_TYPE_UNSUPPORTED","metadata":{"service":"cloudresourcemanager.googleapis.com","method":"google.cloudresourcemanager.v1.Projects.CreateProject"}}]}}
[debug] [2024-12-06T06:28:42.900Z] FirebaseError: HTTP Error: 401, Request had invalid authentication credentials. Expected OAuth 2 access token, login cookie or other valid authentication credential. See https://developers.google.com/identity/sign-in/web/devconsole-project.
    at responseToError (/Users/luccamolon/.config/yarn/global/node_modules/firebase-tools/lib/responseToError.js:49:12)
    at RetryOperation._fn (/Users/luccamolon/.config/yarn/global/node_modules/firebase-tools/lib/apiv2.js:288:77)
    at process.processTicksAndRejections (node:internal/process/task_queues:105:5)
[error] 
[error] Error: Failed to create project. See firebase-debug.log for more info.
[debug] [2024-12-06T06:30:04.856Z] ----------------------------------------------------------------------
[debug] [2024-12-06T06:30:04.868Z] Command:       /Users/luccamolon/.nvm/versions/node/v22.12.0/bin/node /Users/luccamolon/.config/yarn/global/node_modules/.bin/firebase projects:create
[debug] [2024-12-06T06:30:04.869Z] CLI Version:   11.16.1
[debug] [2024-12-06T06:30:04.869Z] Platform:      darwin
[debug] [2024-12-06T06:30:04.869Z] Node Version:  v22.12.0
[debug] [2024-12-06T06:30:04.869Z] Time:          Fri Dec 06 2024 03:30:04 GMT-0300 (Horário Padrão de Brasília)
[debug] [2024-12-06T06:30:04.869Z] ----------------------------------------------------------------------
[debug] 
[debug] [2024-12-06T06:30:04.878Z] > command requires scopes: ["email","openid","https://www.googleapis.com/auth/cloudplatformprojects.readonly","https://www.googleapis.com/auth/firebase","https://www.googleapis.com/auth/cloud-platform"]
[debug] [2024-12-06T06:30:04.878Z] > authorizing via signed-in user (luccamolon@gmail.com)
[debug] [2024-12-06T06:30:15.523Z] > refreshing access token with scopes: []
[debug] [2024-12-06T06:30:15.526Z] >>> [apiv2][query] POST https://www.googleapis.com/oauth2/v3/token [none]
[debug] [2024-12-06T06:30:15.526Z] >>> [apiv2][body] POST https://www.googleapis.com/oauth2/v3/token [omitted]
[debug] [2024-12-06T06:30:15.802Z] <<< [apiv2][status] POST https://www.googleapis.com/oauth2/v3/token 400
[debug] [2024-12-06T06:30:15.803Z] <<< [apiv2][body] POST https://www.googleapis.com/oauth2/v3/token [omitted]
[debug] [2024-12-06T06:30:15.803Z] >>> [apiv2][query] POST https://cloudresourcemanager.googleapis.com/v1/projects [none]
[debug] [2024-12-06T06:30:15.803Z] >>> [apiv2][body] POST https://cloudresourcemanager.googleapis.com/v1/projects {"projectId":"chess","name":"chess_PencilSpaces"}
[debug] [2024-12-06T06:30:16.637Z] <<< [apiv2][status] POST https://cloudresourcemanager.googleapis.com/v1/projects 401
[debug] [2024-12-06T06:30:16.638Z] <<< [apiv2][body] POST https://cloudresourcemanager.googleapis.com/v1/projects {"error":{"code":401,"message":"Request had invalid authentication credentials. Expected OAuth 2 access token, login cookie or other valid authentication credential. See https://developers.google.com/identity/sign-in/web/devconsole-project.","status":"UNAUTHENTICATED","details":[{"@type":"type.googleapis.com/google.rpc.ErrorInfo","reason":"ACCESS_TOKEN_TYPE_UNSUPPORTED","metadata":{"method":"google.cloudresourcemanager.v1.Projects.CreateProject","service":"cloudresourcemanager.googleapis.com"}}]}}
[debug] [2024-12-06T06:30:16.818Z] FirebaseError: HTTP Error: 401, Request had invalid authentication credentials. Expected OAuth 2 access token, login cookie or other valid authentication credential. See https://developers.google.com/identity/sign-in/web/devconsole-project.
    at responseToError (/Users/luccamolon/.config/yarn/global/node_modules/firebase-tools/lib/responseToError.js:49:12)
    at RetryOperation._fn (/Users/luccamolon/.config/yarn/global/node_modules/firebase-tools/lib/apiv2.js:288:77)
    at process.processTicksAndRejections (node:internal/process/task_queues:105:5)
[error] 
[error] Error: Failed to create project. See firebase-debug.log for more info.
